Using cache found in /home/htluc/.cache/torch/hub/WongKinYiu_yolov7_main

                 from  n    params  module                                  arguments                     
  0                -1  1       928  models.common.Conv                      [3, 32, 3, 1]                 
  1                -1  1     18560  models.common.Conv                      [32, 64, 3, 2]                
  2                -1  1     36992  models.common.Conv                      [64, 64, 3, 1]                
  3                -1  1     73984  models.common.Conv                      [64, 128, 3, 2]               
  4                -1  1      8320  models.common.Conv                      [128, 64, 1, 1]               
  5                -2  1      8320  models.common.Conv                      [128, 64, 1, 1]               
  6                -1  1     36992  models.common.Conv                      [64, 64, 3, 1]                
  7                -1  1     36992  models.common.Conv                      [64, 64, 3, 1]                
  8                -1  1     36992  models.common.Conv                      [64, 64, 3, 1]                
  9                -1  1     36992  models.common.Conv                      [64, 64, 3, 1]                
 10  [-1, -3, -5, -6]  1         0  models.common.Concat                    [1]                           
 11                -1  1     66048  models.common.Conv                      [256, 256, 1, 1]              
 12                -1  1         0  models.common.MP                        []                            
 13                -1  1     33024  models.common.Conv                      [256, 128, 1, 1]              
 14                -3  1     33024  models.common.Conv                      [256, 128, 1, 1]              
 15                -1  1    147712  models.common.Conv                      [128, 128, 3, 2]              
 16          [-1, -3]  1         0  models.common.Concat                    [1]                           
 17                -1  1     33024  models.common.Conv                      [256, 128, 1, 1]              
 18                -2  1     33024  models.common.Conv                      [256, 128, 1, 1]              
 19                -1  1    147712  models.common.Conv                      [128, 128, 3, 1]              
 20                -1  1    147712  models.common.Conv                      [128, 128, 3, 1]              
 21                -1  1    147712  models.common.Conv                      [128, 128, 3, 1]              
 22                -1  1    147712  models.common.Conv                      [128, 128, 3, 1]              
 23  [-1, -3, -5, -6]  1         0  models.common.Concat                    [1]                           
 24                -1  1    263168  models.common.Conv                      [512, 512, 1, 1]              
 25                -1  1         0  models.common.MP                        []                            
 26                -1  1    131584  models.common.Conv                      [512, 256, 1, 1]              
 27                -3  1    131584  models.common.Conv                      [512, 256, 1, 1]              
 28                -1  1    590336  models.common.Conv                      [256, 256, 3, 2]              
 29          [-1, -3]  1         0  models.common.Concat                    [1]                           
 30                -1  1    131584  models.common.Conv                      [512, 256, 1, 1]              
 31                -2  1    131584  models.common.Conv                      [512, 256, 1, 1]              
 32                -1  1    590336  models.common.Conv                      [256, 256, 3, 1]              
 33                -1  1    590336  models.common.Conv                      [256, 256, 3, 1]              
 34                -1  1    590336  models.common.Conv                      [256, 256, 3, 1]              
 35                -1  1    590336  models.common.Conv                      [256, 256, 3, 1]              
 36  [-1, -3, -5, -6]  1         0  models.common.Concat                    [1]                           
 37                -1  1   1050624  models.common.Conv                      [1024, 1024, 1, 1]            
 38                -1  1         0  models.common.MP                        []                            
 39                -1  1    525312  models.common.Conv                      [1024, 512, 1, 1]             
 40                -3  1    525312  models.common.Conv                      [1024, 512, 1, 1]             
 41                -1  1   2360320  models.common.Conv                      [512, 512, 3, 2]              
 42          [-1, -3]  1         0  models.common.Concat                    [1]                           
 43                -1  1    262656  models.common.Conv                      [1024, 256, 1, 1]             
 44                -2  1    262656  models.common.Conv                      [1024, 256, 1, 1]             
 45                -1  1    590336  models.common.Conv                      [256, 256, 3, 1]              
 46                -1  1    590336  models.common.Conv                      [256, 256, 3, 1]              
 47                -1  1    590336  models.common.Conv                      [256, 256, 3, 1]              
 48                -1  1    590336  models.common.Conv                      [256, 256, 3, 1]              
 49  [-1, -3, -5, -6]  1         0  models.common.Concat                    [1]                           
 50                -1  1   1050624  models.common.Conv                      [1024, 1024, 1, 1]            
 51                -1  1   7609344  models.common.SPPCSPC                   [1024, 512, 1]                
 52                -1  1    131584  models.common.Conv                      [512, 256, 1, 1]              
 53                -1  1         0  torch.nn.modules.upsampling.Upsample    [None, 2, 'nearest']          
 54                37  1    262656  models.common.Conv                      [1024, 256, 1, 1]             
 55          [-1, -2]  1         0  models.common.Concat                    [1]                           
 56                -1  1    131584  models.common.Conv                      [512, 256, 1, 1]              
 57                -2  1    131584  models.common.Conv                      [512, 256, 1, 1]              
 58                -1  1    295168  models.common.Conv                      [256, 128, 3, 1]              
 59                -1  1    147712  models.common.Conv                      [128, 128, 3, 1]              
 60                -1  1    147712  models.common.Conv                      [128, 128, 3, 1]              
 61                -1  1    147712  models.common.Conv                      [128, 128, 3, 1]              
 62[-1, -2, -3, -4, -5, -6]  1         0  models.common.Concat                    [1]                           
 63                -1  1    262656  models.common.Conv                      [1024, 256, 1, 1]             
 64                -1  1     33024  models.common.Conv                      [256, 128, 1, 1]              
 65                -1  1         0  torch.nn.modules.upsampling.Upsample    [None, 2, 'nearest']          
 66                24  1     65792  models.common.Conv                      [512, 128, 1, 1]              
 67          [-1, -2]  1         0  models.common.Concat                    [1]                           
 68                -1  1     33024  models.common.Conv                      [256, 128, 1, 1]              
 69                -2  1     33024  models.common.Conv                      [256, 128, 1, 1]              
 70                -1  1     73856  models.common.Conv                      [128, 64, 3, 1]               
 71                -1  1     36992  models.common.Conv                      [64, 64, 3, 1]                
 72                -1  1     36992  models.common.Conv                      [64, 64, 3, 1]                
 73                -1  1     36992  models.common.Conv                      [64, 64, 3, 1]                
 74[-1, -2, -3, -4, -5, -6]  1         0  models.common.Concat                    [1]                           
 75                -1  1     65792  models.common.Conv                      [512, 128, 1, 1]              
 76                -1  1         0  models.common.MP                        []                            
 77                -1  1     16640  models.common.Conv                      [128, 128, 1, 1]              
 78                -3  1     16640  models.common.Conv                      [128, 128, 1, 1]              
 79                -1  1    147712  models.common.Conv                      [128, 128, 3, 2]              
 80      [-1, -3, 63]  1         0  models.common.Concat                    [1]                           
 81                -1  1    131584  models.common.Conv                      [512, 256, 1, 1]              
 82                -2  1    131584  models.common.Conv                      [512, 256, 1, 1]              
 83                -1  1    295168  models.common.Conv                      [256, 128, 3, 1]              
 84                -1  1    147712  models.common.Conv                      [128, 128, 3, 1]              
 85                -1  1    147712  models.common.Conv                      [128, 128, 3, 1]              
 86                -1  1    147712  models.common.Conv                      [128, 128, 3, 1]              
 87[-1, -2, -3, -4, -5, -6]  1         0  models.common.Concat                    [1]                           
 88                -1  1    262656  models.common.Conv                      [1024, 256, 1, 1]             
 89                -1  1         0  models.common.MP                        []                            
 90                -1  1     66048  models.common.Conv                      [256, 256, 1, 1]              
 91                -3  1     66048  models.common.Conv                      [256, 256, 1, 1]              
 92                -1  1    590336  models.common.Conv                      [256, 256, 3, 2]              
 93      [-1, -3, 51]  1         0  models.common.Concat                    [1]                           
 94                -1  1    525312  models.common.Conv                      [1024, 512, 1, 1]             
 95                -2  1    525312  models.common.Conv                      [1024, 512, 1, 1]             
 96                -1  1   1180160  models.common.Conv                      [512, 256, 3, 1]              
 97                -1  1    590336  models.common.Conv                      [256, 256, 3, 1]              
 98                -1  1    590336  models.common.Conv                      [256, 256, 3, 1]              
 99                -1  1    590336  models.common.Conv                      [256, 256, 3, 1]              
100[-1, -2, -3, -4, -5, -6]  1         0  models.common.Concat                    [1]                           
101                -1  1   1049600  models.common.Conv                      [2048, 512, 1, 1]             
102                75  1    328704  models.common.RepConv                   [128, 256, 3, 1]              
103                88  1   1312768  models.common.RepConv                   [256, 512, 3, 1]              
104               101  1   5246976  models.common.RepConv                   [512, 1024, 3, 1]             
105   [102, 103, 104]  1     44944  models.yolo.IDetect                     [3, [[12, 16, 19, 36, 40, 28], [36, 75, 76, 55, 72, 146], [142, 110, 192, 243, 459, 401]], [256, 512, 1024]]
/home/htluc/miniconda3/envs/medico/lib/python3.8/site-packages/torch/functional.py:478: UserWarning: torch.meshgrid: in an upcoming release, it will be required to pass the indexing argument. (Triggered internally at  ../aten/src/ATen/native/TensorShape.cpp:2894.)
  return _VF.meshgrid(tensors, **kwargs)  # type: ignore[attr-defined]
Model Summary: 415 layers, 37207344 parameters, 37207344 gradients, 105.1 GFLOPS

YOLOR ðŸš€ 2022-11-1 torch 1.12.1+cu113 CUDA:0 (NVIDIA GeForce RTX 3090, 24268.3125MB)

Adding autoShape... 
Reading frame: 0
Reading frame: 1
Reading frame: 2
Reading frame: 3
Reading frame: 4
Reading frame: 5
Reading frame: 6
Reading frame: 7
Reading frame: 8
Reading frame: 9
Reading frame: 10
Reading frame: 11
Reading frame: 12
Reading frame: 13
Reading frame: 14
Reading frame: 15
Reading frame: 16
Reading frame: 17
Reading frame: 18
Reading frame: 19
Reading frame: 20
Reading frame: 21
Reading frame: 22
Reading frame: 23
Reading frame: 24
Reading frame: 25
Reading frame: 26
Reading frame: 27
Reading frame: 28
Reading frame: 29
Reading frame: 30
Reading frame: 31
Reading frame: 32
Reading frame: 33
Reading frame: 34
Reading frame: 35
Reading frame: 36
Reading frame: 37
Reading frame: 38
Reading frame: 39
Reading frame: 40
Reading frame: 41
Reading frame: 42
Reading frame: 43
Reading frame: 44
Reading frame: 45
Reading frame: 46
Reading frame: 47
Reading frame: 48
Reading frame: 49
Reading frame: 50
Reading frame: 51
Reading frame: 52
Reading frame: 53
Reading frame: 54
Reading frame: 55
Reading frame: 56
Reading frame: 57
Reading frame: 58
Reading frame: 59
Reading frame: 60
Reading frame: 61
Reading frame: 62
Reading frame: 63
Reading frame: 64
Reading frame: 65
Reading frame: 66
Reading frame: 67
Reading frame: 68
Reading frame: 69
Reading frame: 70
Reading frame: 71
Reading frame: 72
Reading frame: 73
Reading frame: 74
Reading frame: 75
Reading frame: 76
Reading frame: 77
Reading frame: 78
Reading frame: 79
Reading frame: 80
Reading frame: 81
Reading frame: 82
Reading frame: 83
Reading frame: 84
Reading frame: 85
Reading frame: 86
Reading frame: 87
Reading frame: 88
Reading frame: 89
Reading frame: 90
Reading frame: 91
Reading frame: 92
Reading frame: 93
Reading frame: 94
Reading frame: 95
Reading frame: 96
Reading frame: 97
Reading frame: 98
Reading frame: 99
Reading frame: 100
Reading frame: 101
Reading frame: 102
Reading frame: 103
Reading frame: 104
Reading frame: 105
Reading frame: 106
Reading frame: 107
Reading frame: 108
Reading frame: 109
Reading frame: 110
Reading frame: 111
Reading frame: 112
Reading frame: 113
Reading frame: 114
Reading frame: 115
Reading frame: 116
Reading frame: 117
Reading frame: 118
Reading frame: 119
Reading frame: 120
Reading frame: 121
Reading frame: 122
Reading frame: 123
Reading frame: 124
Reading frame: 125
Reading frame: 126
Reading frame: 127
Reading frame: 128
Reading frame: 129
Reading frame: 130
Reading frame: 131
Reading frame: 132
Reading frame: 133
Reading frame: 134
Reading frame: 135
Reading frame: 136
Reading frame: 137
Reading frame: 138
Reading frame: 139
Reading frame: 140
Reading frame: 141
Reading frame: 142
Reading frame: 143
Reading frame: 144
Reading frame: 145
Reading frame: 146
Reading frame: 147
Reading frame: 148
Reading frame: 149
Reading frame: 150
Reading frame: 151
Reading frame: 152
Reading frame: 153
Reading frame: 154
Reading frame: 155
Reading frame: 156
Reading frame: 157
Reading frame: 158
Reading frame: 159
Reading frame: 160
Reading frame: 161
Reading frame: 162
Reading frame: 163
Reading frame: 164
Reading frame: 165
Reading frame: 166
Reading frame: 167
Reading frame: 168
Reading frame: 169
Reading frame: 170
Reading frame: 171
Reading frame: 172
Reading frame: 173
Reading frame: 174
Reading frame: 175
Reading frame: 176
Reading frame: 177
Reading frame: 178
Reading frame: 179
Reading frame: 180
Reading frame: 181
Reading frame: 182
Reading frame: 183
Reading frame: 184
Reading frame: 185
Reading frame: 186
Reading frame: 187
Reading frame: 188
Reading frame: 189
Reading frame: 190
Reading frame: 191
Reading frame: 192
Reading frame: 193
Reading frame: 194
Reading frame: 195
Reading frame: 196
Reading frame: 197
Reading frame: 198
Reading frame: 199
Reading frame: 200
Reading frame: 201
Reading frame: 202
Reading frame: 203
Reading frame: 204
Reading frame: 205
Reading frame: 206
Reading frame: 207
Reading frame: 208
Reading frame: 209
Reading frame: 210
Reading frame: 211
Reading frame: 212
Reading frame: 213
Reading frame: 214
Reading frame: 215
Reading frame: 216
Reading frame: 217
Reading frame: 218
Reading frame: 219
Reading frame: 220
Reading frame: 221
Reading frame: 222
Reading frame: 223
Reading frame: 224
Reading frame: 225
Reading frame: 226
Reading frame: 227
Reading frame: 228
Reading frame: 229
Reading frame: 230
Reading frame: 231
Reading frame: 232
Reading frame: 233
Reading frame: 234
Reading frame: 235
Reading frame: 236
Reading frame: 237
Reading frame: 238
Reading frame: 239
Reading frame: 240
Reading frame: 241
Reading frame: 242
Reading frame: 243
Reading frame: 244
Reading frame: 245
Reading frame: 246
Reading frame: 247
Reading frame: 248
Reading frame: 249
Reading frame: 250
Reading frame: 251
Reading frame: 252
Reading frame: 253
Reading frame: 254
Reading frame: 255
Reading frame: 256
Reading frame: 257
Reading frame: 258
Reading frame: 259
Reading frame: 260
Reading frame: 261
Reading frame: 262
Reading frame: 263
Reading frame: 264
Reading frame: 265
Reading frame: 266
Reading frame: 267
Reading frame: 268
Reading frame: 269
Reading frame: 270
Reading frame: 271
Reading frame: 272
Reading frame: 273
Reading frame: 274
Reading frame: 275
Reading frame: 276
Reading frame: 277
Reading frame: 278
Reading frame: 279
Reading frame: 280
Reading frame: 281
Reading frame: 282
Reading frame: 283
Reading frame: 284
Reading frame: 285
Reading frame: 286
Reading frame: 287
Reading frame: 288
Reading frame: 289
Reading frame: 290
Reading frame: 291
Reading frame: 292
Reading frame: 293
Reading frame: 294
Reading frame: 295
Reading frame: 296
Reading frame: 297
Reading frame: 298
Reading frame: 299
Reading frame: 300
Reading frame: 301
Reading frame: 302
Reading frame: 303
Reading frame: 304
Reading frame: 305
Reading frame: 306
Reading frame: 307
Reading frame: 308
Reading frame: 309
Reading frame: 310
Reading frame: 311
Reading frame: 312
Reading frame: 313
Reading frame: 314
Reading frame: 315
Reading frame: 316
Reading frame: 317
Reading frame: 318
Reading frame: 319
Reading frame: 320
Reading frame: 321
Reading frame: 322
Reading frame: 323
Reading frame: 324
Reading frame: 325
Reading frame: 326
Reading frame: 327
Reading frame: 328
Reading frame: 329
Reading frame: 330
Reading frame: 331
Reading frame: 332
Reading frame: 333
Reading frame: 334
Reading frame: 335
Reading frame: 336
Reading frame: 337
Reading frame: 338
Reading frame: 339
Reading frame: 340
Reading frame: 341
Reading frame: 342
Reading frame: 343
Reading frame: 344
Reading frame: 345
Reading frame: 346
Reading frame: 347
Reading frame: 348
Reading frame: 349
Reading frame: 350
Reading frame: 351
Reading frame: 352
Reading frame: 353
Reading frame: 354
Reading frame: 355
Reading frame: 356
Reading frame: 357
Reading frame: 358
Reading frame: 359
Reading frame: 360
Reading frame: 361
Reading frame: 362
Reading frame: 363
Reading frame: 364
Reading frame: 365
Reading frame: 366
Reading frame: 367
Reading frame: 368
Reading frame: 369
Reading frame: 370
Reading frame: 371
Reading frame: 372
Reading frame: 373
Reading frame: 374
Reading frame: 375
Reading frame: 376
Reading frame: 377
Reading frame: 378
Reading frame: 379
Reading frame: 380
Reading frame: 381
Reading frame: 382
Reading frame: 383
Reading frame: 384
Reading frame: 385
Reading frame: 386
Reading frame: 387
Reading frame: 388
Reading frame: 389
Reading frame: 390
Reading frame: 391
Reading frame: 392
Reading frame: 393
Reading frame: 394
Reading frame: 395
Reading frame: 396
Reading frame: 397
Reading frame: 398
Reading frame: 399
Reading frame: 400
Reading frame: 401
Reading frame: 402
Reading frame: 403
Reading frame: 404
Reading frame: 405
Reading frame: 406
Reading frame: 407
Reading frame: 408
Reading frame: 409
Reading frame: 410
Reading frame: 411
Reading frame: 412
Reading frame: 413
Reading frame: 414
Reading frame: 415
Reading frame: 416
Reading frame: 417
Reading frame: 418
Reading frame: 419
Reading frame: 420
Reading frame: 421
Reading frame: 422
Reading frame: 423
Reading frame: 424
Reading frame: 425
Reading frame: 426
Reading frame: 427
Reading frame: 428
Reading frame: 429
Reading frame: 430
Reading frame: 431
Reading frame: 432
Reading frame: 433
Reading frame: 434
Reading frame: 435
Reading frame: 436
Reading frame: 437
Reading frame: 438
Reading frame: 439
Reading frame: 440
Reading frame: 441
Reading frame: 442
Reading frame: 443
Reading frame: 444
Reading frame: 445
Reading frame: 446
Reading frame: 447
Reading frame: 448
Reading frame: 449
Reading frame: 450
Reading frame: 451
Reading frame: 452
Reading frame: 453
Reading frame: 454
Reading frame: 455
Reading frame: 456
Reading frame: 457
Reading frame: 458
Reading frame: 459
Reading frame: 460
Reading frame: 461
Reading frame: 462
Reading frame: 463
Reading frame: 464
Reading frame: 465
Reading frame: 466
Reading frame: 467
Reading frame: 468
Reading frame: 469
Reading frame: 470
Reading frame: 471
Reading frame: 472
Reading frame: 473
Reading frame: 474
Reading frame: 475
Reading frame: 476
Reading frame: 477
Reading frame: 478
Reading frame: 479
Reading frame: 480
Reading frame: 481
Reading frame: 482
Reading frame: 483
Reading frame: 484
Reading frame: 485
Reading frame: 486
Reading frame: 487
Reading frame: 488
Reading frame: 489
Reading frame: 490
Reading frame: 491
Reading frame: 492
Reading frame: 493
Reading frame: 494
Reading frame: 495
Reading frame: 496
Reading frame: 497
Reading frame: 498
Reading frame: 499
Reading frame: 500
Reading frame: 501
Reading frame: 502
Reading frame: 503
Reading frame: 504
Reading frame: 505
Reading frame: 506
Reading frame: 507
Reading frame: 508
Reading frame: 509
Reading frame: 510
Reading frame: 511
Reading frame: 512
Reading frame: 513
Reading frame: 514
Reading frame: 515
Reading frame: 516
Reading frame: 517
Reading frame: 518
Reading frame: 519
Reading frame: 520
Reading frame: 521
Reading frame: 522
Reading frame: 523
Reading frame: 524
Reading frame: 525
Reading frame: 526
Reading frame: 527
Reading frame: 528
Reading frame: 529
Reading frame: 530
Reading frame: 531
Reading frame: 532
Reading frame: 533
Reading frame: 534
Reading frame: 535
Reading frame: 536
Reading frame: 537
Reading frame: 538
Reading frame: 539
Reading frame: 540
Reading frame: 541
Reading frame: 542
Reading frame: 543
Reading frame: 544
Reading frame: 545
Reading frame: 546
Reading frame: 547
Reading frame: 548
Reading frame: 549
Reading frame: 550
Reading frame: 551
Reading frame: 552
Reading frame: 553
Reading frame: 554
Reading frame: 555
Reading frame: 556
Reading frame: 557
Reading frame: 558
Reading frame: 559
Reading frame: 560
Reading frame: 561
Reading frame: 562
Reading frame: 563
Reading frame: 564
Reading frame: 565
Reading frame: 566
Reading frame: 567
Reading frame: 568
Reading frame: 569
Reading frame: 570
Reading frame: 571
Reading frame: 572
Reading frame: 573
Reading frame: 574
Reading frame: 575
Reading frame: 576
Reading frame: 577
Reading frame: 578
Reading frame: 579
Reading frame: 580
Reading frame: 581
Reading frame: 582
Reading frame: 583
Reading frame: 584
Reading frame: 585
Reading frame: 586
Reading frame: 587
Reading frame: 588
Reading frame: 589
Reading frame: 590
Reading frame: 591
Reading frame: 592
Reading frame: 593
Reading frame: 594
Reading frame: 595
Reading frame: 596
Reading frame: 597
Reading frame: 598
Reading frame: 599
Reading frame: 600
Reading frame: 601
Reading frame: 602
Reading frame: 603
Reading frame: 604
Reading frame: 605
Reading frame: 606
Reading frame: 607
Reading frame: 608
Reading frame: 609
Reading frame: 610
Reading frame: 611
Reading frame: 612
Reading frame: 613
Reading frame: 614
Reading frame: 615
Reading frame: 616
Reading frame: 617
Reading frame: 618
Reading frame: 619
Reading frame: 620
Reading frame: 621
Reading frame: 622
Reading frame: 623
Reading frame: 624
Reading frame: 625
Reading frame: 626
Reading frame: 627
Reading frame: 628
Reading frame: 629
Reading frame: 630
Reading frame: 631
Reading frame: 632
Reading frame: 633
Reading frame: 634
Reading frame: 635
Reading frame: 636
Reading frame: 637
Reading frame: 638
Reading frame: 639
Reading frame: 640
Reading frame: 641
Reading frame: 642
Reading frame: 643
Reading frame: 644
Reading frame: 645
Reading frame: 646
Reading frame: 647
Reading frame: 648
Reading frame: 649
Reading frame: 650
Reading frame: 651
Reading frame: 652
Reading frame: 653
Reading frame: 654
Reading frame: 655
Reading frame: 656
Reading frame: 657
Reading frame: 658
Reading frame: 659
Reading frame: 660
Reading frame: 661
Reading frame: 662
Reading frame: 663
Reading frame: 664
Reading frame: 665
Reading frame: 666
Reading frame: 667
Reading frame: 668
Reading frame: 669
Reading frame: 670
Reading frame: 671
Reading frame: 672
Reading frame: 673
Reading frame: 674
Reading frame: 675
Reading frame: 676
Reading frame: 677
Reading frame: 678
Reading frame: 679
Reading frame: 680
Reading frame: 681
Reading frame: 682
Reading frame: 683
Reading frame: 684
Reading frame: 685
Reading frame: 686
Reading frame: 687
Reading frame: 688
Reading frame: 689
Reading frame: 690
Reading frame: 691
Reading frame: 692
Reading frame: 693
Reading frame: 694
Reading frame: 695
Reading frame: 696
Reading frame: 697
Reading frame: 698
Reading frame: 699
Reading frame: 700
Reading frame: 701
Reading frame: 702
Reading frame: 703
Reading frame: 704
Reading frame: 705
Reading frame: 706
Reading frame: 707
Reading frame: 708
Reading frame: 709
Reading frame: 710
Reading frame: 711
Reading frame: 712
Reading frame: 713
Reading frame: 714
Reading frame: 715
Reading frame: 716
Reading frame: 717
Reading frame: 718
Reading frame: 719
Reading frame: 720
Reading frame: 721
Reading frame: 722
Reading frame: 723
Reading frame: 724
Reading frame: 725
Reading frame: 726
Reading frame: 727
Reading frame: 728
Reading frame: 729
Reading frame: 730
Reading frame: 731
Reading frame: 732
Reading frame: 733
Reading frame: 734
Reading frame: 735
Reading frame: 736
Reading frame: 737
Reading frame: 738
Reading frame: 739
Reading frame: 740
Reading frame: 741
Reading frame: 742
Reading frame: 743
Reading frame: 744
Reading frame: 745
Reading frame: 746
Reading frame: 747
Reading frame: 748
Reading frame: 749
Reading frame: 750
Reading frame: 751
Reading frame: 752
Reading frame: 753
Reading frame: 754
Reading frame: 755
Reading frame: 756
Reading frame: 757
Reading frame: 758
Reading frame: 759
Reading frame: 760
Reading frame: 761
Reading frame: 762
Reading frame: 763
Reading frame: 764
Reading frame: 765
Reading frame: 766
Reading frame: 767
Reading frame: 768
Reading frame: 769
Reading frame: 770
Reading frame: 771
Reading frame: 772
Reading frame: 773
Reading frame: 774
Reading frame: 775
Reading frame: 776
Reading frame: 777
Reading frame: 778
Reading frame: 779
Reading frame: 780
Reading frame: 781
Reading frame: 782
Reading frame: 783
Reading frame: 784
Reading frame: 785
Reading frame: 786
Reading frame: 787
Reading frame: 788
Reading frame: 789
Reading frame: 790
Reading frame: 791
Reading frame: 792
Reading frame: 793
Reading frame: 794
Reading frame: 795
Reading frame: 796
Reading frame: 797
Reading frame: 798
Reading frame: 799
Reading frame: 800
Reading frame: 801
Reading frame: 802
Reading frame: 803
Reading frame: 804
Reading frame: 805
Reading frame: 806
Reading frame: 807
Reading frame: 808
Reading frame: 809
Reading frame: 810
Reading frame: 811
Reading frame: 812
Reading frame: 813
Reading frame: 814
Reading frame: 815
Reading frame: 816
Reading frame: 817
Reading frame: 818
Reading frame: 819
Reading frame: 820
Reading frame: 821
Reading frame: 822
Reading frame: 823
Reading frame: 824
Reading frame: 825
Reading frame: 826
Reading frame: 827
Reading frame: 828
Reading frame: 829
Reading frame: 830
Reading frame: 831
Reading frame: 832
Reading frame: 833
Reading frame: 834
Reading frame: 835
Reading frame: 836
Reading frame: 837
Reading frame: 838
Reading frame: 839
Reading frame: 840
Reading frame: 841
Reading frame: 842
Reading frame: 843
Reading frame: 844
Reading frame: 845
Reading frame: 846
Reading frame: 847
Reading frame: 848
Reading frame: 849
Reading frame: 850
Reading frame: 851
Reading frame: 852
Reading frame: 853
Reading frame: 854
Reading frame: 855
Reading frame: 856
Reading frame: 857
Reading frame: 858
Reading frame: 859
Reading frame: 860
Reading frame: 861
Reading frame: 862
Reading frame: 863
Reading frame: 864
Reading frame: 865
Reading frame: 866
Reading frame: 867
Reading frame: 868
Reading frame: 869
Reading frame: 870
Reading frame: 871
Reading frame: 872
Reading frame: 873
Reading frame: 874
Reading frame: 875
Reading frame: 876
Reading frame: 877
Reading frame: 878
Reading frame: 879
Reading frame: 880
Reading frame: 881
Reading frame: 882
Reading frame: 883
Reading frame: 884
Reading frame: 885
Reading frame: 886
Reading frame: 887
Reading frame: 888
Reading frame: 889
Reading frame: 890
Reading frame: 891
Reading frame: 892
Reading frame: 893
Reading frame: 894
Reading frame: 895
Reading frame: 896
Reading frame: 897
Reading frame: 898
Reading frame: 899
Reading frame: 900
Reading frame: 901
Reading frame: 902
Reading frame: 903
Reading frame: 904
Reading frame: 905
Reading frame: 906
Reading frame: 907
Reading frame: 908
Reading frame: 909
Reading frame: 910
Reading frame: 911
Reading frame: 912
Reading frame: 913
Reading frame: 914
Reading frame: 915
Reading frame: 916
Reading frame: 917
Reading frame: 918
Reading frame: 919
Reading frame: 920
Reading frame: 921
Reading frame: 922
Reading frame: 923
Reading frame: 924
Reading frame: 925
Reading frame: 926
Reading frame: 927
Reading frame: 928
Reading frame: 929
Reading frame: 930
Reading frame: 931
Reading frame: 932
Reading frame: 933
Reading frame: 934
Reading frame: 935
Reading frame: 936
Reading frame: 937
Reading frame: 938
Reading frame: 939
Reading frame: 940
Reading frame: 941
Reading frame: 942
Reading frame: 943
Reading frame: 944
Reading frame: 945
Reading frame: 946
Reading frame: 947
Reading frame: 948
Reading frame: 949
Reading frame: 950
Reading frame: 951
Reading frame: 952
Reading frame: 953
Reading frame: 954
Reading frame: 955
Reading frame: 956
Reading frame: 957
Reading frame: 958
Reading frame: 959
Reading frame: 960
Reading frame: 961
Reading frame: 962
Reading frame: 963
Reading frame: 964
Reading frame: 965
Reading frame: 966
Reading frame: 967
Reading frame: 968
Reading frame: 969
Reading frame: 970
Reading frame: 971
Reading frame: 972
Reading frame: 973
Reading frame: 974
Reading frame: 975
Reading frame: 976
Reading frame: 977
Reading frame: 978
Reading frame: 979
Reading frame: 980
Reading frame: 981
Reading frame: 982
Reading frame: 983
Reading frame: 984
Reading frame: 985
Reading frame: 986
Reading frame: 987
Reading frame: 988
Reading frame: 989
Reading frame: 990
Reading frame: 991
Reading frame: 992
Reading frame: 993
Reading frame: 994
Reading frame: 995
Reading frame: 996
Reading frame: 997
Reading frame: 998
Reading frame: 999
Reading frame: 1000
Reading frame: 1001
Reading frame: 1002
Reading frame: 1003
Reading frame: 1004
Reading frame: 1005
Reading frame: 1006
Reading frame: 1007
Reading frame: 1008
Reading frame: 1009
Reading frame: 1010
Reading frame: 1011
Reading frame: 1012
Reading frame: 1013
Reading frame: 1014
Reading frame: 1015
Reading frame: 1016
Reading frame: 1017
Reading frame: 1018
Reading frame: 1019
Reading frame: 1020
Reading frame: 1021
Reading frame: 1022
Reading frame: 1023
Reading frame: 1024
Reading frame: 1025
Reading frame: 1026
Reading frame: 1027
Reading frame: 1028
Reading frame: 1029
Reading frame: 1030
Reading frame: 1031
Reading frame: 1032
Reading frame: 1033
Reading frame: 1034
Reading frame: 1035
Reading frame: 1036
Reading frame: 1037
Reading frame: 1038
Reading frame: 1039
Reading frame: 1040
Reading frame: 1041
Reading frame: 1042
Reading frame: 1043
Reading frame: 1044
Reading frame: 1045
Reading frame: 1046
Reading frame: 1047
Reading frame: 1048
Reading frame: 1049
Reading frame: 1050
Reading frame: 1051
Reading frame: 1052
Reading frame: 1053
Reading frame: 1054
Reading frame: 1055
Reading frame: 1056
Reading frame: 1057
Reading frame: 1058
Reading frame: 1059
Reading frame: 1060
Reading frame: 1061
Reading frame: 1062
Reading frame: 1063
Reading frame: 1064
Reading frame: 1065
Reading frame: 1066
Reading frame: 1067
Reading frame: 1068
Reading frame: 1069
Reading frame: 1070
Reading frame: 1071
Reading frame: 1072
Reading frame: 1073
Reading frame: 1074
Reading frame: 1075
Reading frame: 1076
Reading frame: 1077
Reading frame: 1078
Reading frame: 1079
Reading frame: 1080
Reading frame: 1081
Reading frame: 1082
Reading frame: 1083
Reading frame: 1084
Reading frame: 1085
Reading frame: 1086
Reading frame: 1087
Reading frame: 1088
Reading frame: 1089
Reading frame: 1090
Reading frame: 1091
Reading frame: 1092
Reading frame: 1093
Reading frame: 1094
Reading frame: 1095
Reading frame: 1096
Reading frame: 1097
Reading frame: 1098
Reading frame: 1099
Reading frame: 1100
Reading frame: 1101
Reading frame: 1102
Reading frame: 1103
Reading frame: 1104
Reading frame: 1105
Reading frame: 1106
Reading frame: 1107
Reading frame: 1108
Reading frame: 1109
Reading frame: 1110
Reading frame: 1111
Reading frame: 1112
Reading frame: 1113
Reading frame: 1114
Reading frame: 1115
Reading frame: 1116
Reading frame: 1117
Reading frame: 1118
Reading frame: 1119
Reading frame: 1120
Reading frame: 1121
Reading frame: 1122
Reading frame: 1123
Reading frame: 1124
Reading frame: 1125
Reading frame: 1126
Reading frame: 1127
Reading frame: 1128
Reading frame: 1129
Reading frame: 1130
Reading frame: 1131
Reading frame: 1132
Reading frame: 1133
Reading frame: 1134
Reading frame: 1135
Reading frame: 1136
Reading frame: 1137
Reading frame: 1138
Reading frame: 1139
Reading frame: 1140
Reading frame: 1141
Reading frame: 1142
Reading frame: 1143
Reading frame: 1144
Reading frame: 1145
Reading frame: 1146
Reading frame: 1147
Reading frame: 1148
Reading frame: 1149
Reading frame: 1150
Reading frame: 1151
Reading frame: 1152
Reading frame: 1153
Reading frame: 1154
Reading frame: 1155
Reading frame: 1156
Reading frame: 1157
Reading frame: 1158
Reading frame: 1159
Reading frame: 1160
Reading frame: 1161
Reading frame: 1162
Reading frame: 1163
Reading frame: 1164
Reading frame: 1165
Reading frame: 1166
Reading frame: 1167
Reading frame: 1168
Reading frame: 1169
Reading frame: 1170
Reading frame: 1171
Reading frame: 1172
Reading frame: 1173
Reading frame: 1174
Reading frame: 1175
Reading frame: 1176
Reading frame: 1177
Reading frame: 1178
Reading frame: 1179
Reading frame: 1180
Reading frame: 1181
Reading frame: 1182
Reading frame: 1183
Reading frame: 1184
Reading frame: 1185
Reading frame: 1186
Reading frame: 1187
Reading frame: 1188
Reading frame: 1189
Reading frame: 1190
Reading frame: 1191
Reading frame: 1192
Reading frame: 1193
Reading frame: 1194
Reading frame: 1195
Reading frame: 1196
Reading frame: 1197
Reading frame: 1198
Reading frame: 1199
Reading frame: 1200
Reading frame: 1201
Reading frame: 1202
Reading frame: 1203
Reading frame: 1204
Reading frame: 1205
Reading frame: 1206
Reading frame: 1207
Reading frame: 1208
Reading frame: 1209
Reading frame: 1210
Reading frame: 1211
Reading frame: 1212
Reading frame: 1213
Reading frame: 1214
Reading frame: 1215
Reading frame: 1216
Reading frame: 1217
Reading frame: 1218
Reading frame: 1219
Reading frame: 1220
Reading frame: 1221
Reading frame: 1222
Reading frame: 1223
Reading frame: 1224
Reading frame: 1225
Reading frame: 1226
Reading frame: 1227
Reading frame: 1228
Reading frame: 1229
Reading frame: 1230
Reading frame: 1231
Reading frame: 1232
Reading frame: 1233
Reading frame: 1234
Reading frame: 1235
Reading frame: 1236
Reading frame: 1237
Reading frame: 1238
Reading frame: 1239
Reading frame: 1240
Reading frame: 1241
Reading frame: 1242
Reading frame: 1243
Reading frame: 1244
Reading frame: 1245
Reading frame: 1246
Reading frame: 1247
Reading frame: 1248
Reading frame: 1249
Reading frame: 1250
Reading frame: 1251
Reading frame: 1252
Reading frame: 1253
Reading frame: 1254
Reading frame: 1255
Reading frame: 1256
Reading frame: 1257
Reading frame: 1258
Reading frame: 1259
Reading frame: 1260
Reading frame: 1261
Reading frame: 1262
Reading frame: 1263
Reading frame: 1264
Reading frame: 1265
Reading frame: 1266
Reading frame: 1267
Reading frame: 1268
Reading frame: 1269
Reading frame: 1270
Reading frame: 1271
Reading frame: 1272
Reading frame: 1273
Reading frame: 1274
Reading frame: 1275
Reading frame: 1276
Reading frame: 1277
Reading frame: 1278
Reading frame: 1279
Reading frame: 1280
Reading frame: 1281
Reading frame: 1282
Reading frame: 1283
Reading frame: 1284
Reading frame: 1285
Reading frame: 1286
Reading frame: 1287
Reading frame: 1288
Reading frame: 1289
Reading frame: 1290
Reading frame: 1291
Reading frame: 1292
Reading frame: 1293
Reading frame: 1294
Reading frame: 1295
Reading frame: 1296
Reading frame: 1297
Reading frame: 1298
Reading frame: 1299
Reading frame: 1300
Reading frame: 1301
Reading frame: 1302
Reading frame: 1303
Reading frame: 1304
Reading frame: 1305
Reading frame: 1306
Reading frame: 1307
Reading frame: 1308
Reading frame: 1309
Reading frame: 1310
Reading frame: 1311
Reading frame: 1312
Reading frame: 1313
Reading frame: 1314
Reading frame: 1315
Reading frame: 1316
Reading frame: 1317
Reading frame: 1318
Reading frame: 1319
Reading frame: 1320
Reading frame: 1321
Reading frame: 1322
Reading frame: 1323
Reading frame: 1324
Reading frame: 1325
Reading frame: 1326
Reading frame: 1327
Reading frame: 1328
Reading frame: 1329
Reading frame: 1330
Reading frame: 1331
Reading frame: 1332
Reading frame: 1333
Reading frame: 1334
Reading frame: 1335
Reading frame: 1336
Reading frame: 1337
Reading frame: 1338
Reading frame: 1339
Reading frame: 1340
Reading frame: 1341
Reading frame: 1342
Reading frame: 1343
Reading frame: 1344
Reading frame: 1345
Reading frame: 1346
Reading frame: 1347
Reading frame: 1348
Reading frame: 1349
Reading frame: 1350
Reading frame: 1351
Reading frame: 1352
Reading frame: 1353
Reading frame: 1354
Reading frame: 1355
Reading frame: 1356
Reading frame: 1357
Reading frame: 1358
Reading frame: 1359
Reading frame: 1360
Reading frame: 1361
Reading frame: 1362
Reading frame: 1363
Reading frame: 1364
Reading frame: 1365
Reading frame: 1366
Reading frame: 1367
Reading frame: 1368
Reading frame: 1369
Reading frame: 1370
Reading frame: 1371
Reading frame: 1372
Reading frame: 1373
Reading frame: 1374
Reading frame: 1375
Reading frame: 1376
Reading frame: 1377
Reading frame: 1378
Reading frame: 1379
Reading frame: 1380
Reading frame: 1381
Reading frame: 1382
Reading frame: 1383
Reading frame: 1384
Reading frame: 1385
Reading frame: 1386
Reading frame: 1387
Reading frame: 1388
Reading frame: 1389
Reading frame: 1390
Reading frame: 1391
Reading frame: 1392
Reading frame: 1393
Reading frame: 1394
Reading frame: 1395
Reading frame: 1396
Reading frame: 1397
Reading frame: 1398
Reading frame: 1399
Reading frame: 1400
Reading frame: 1401
Reading frame: 1402
Reading frame: 1403
Reading frame: 1404
Reading frame: 1405
Reading frame: 1406
Reading frame: 1407
Reading frame: 1408
Reading frame: 1409
Reading frame: 1410
Reading frame: 1411
Reading frame: 1412
Reading frame: 1413
Reading frame: 1414
Reading frame: 1415
Reading frame: 1416
Reading frame: 1417
Reading frame: 1418
Reading frame: 1419
Reading frame: 1420
Reading frame: 1421
Reading frame: 1422
Reading frame: 1423
Reading frame: 1424
Reading frame: 1425
Reading frame: 1426
Reading frame: 1427
Reading frame: 1428
Reading frame: 1429
Reading frame: 1430
Reading frame: 1431
Reading frame: 1432
Reading frame: 1433
Reading frame: 1434
Reading frame: 1435
Reading frame: 1436
Reading frame: 1437
Reading frame: 1438
Reading frame: 1439
Reading frame: 1440
Reading frame: 1441
Reading frame: 1442
Reading frame: 1443
Reading frame: 1444
Reading frame: 1445
Reading frame: 1446
Reading frame: 1447
Reading frame: 1448
Reading frame: 1449
Reading frame: 1450
Reading frame: 1451
Reading frame: 1452
Reading frame: 1453
Reading frame: 1454
Reading frame: 1455
Reading frame: 1456
Reading frame: 1457
Reading frame: 1458
Reading frame: 1459
Reading frame: 1460
Reading frame: 1461
Reading frame: 1462
Reading frame: 1463
Reading frame: 1464
Reading frame: 1465
Reading frame: 1466
Reading frame: 1467
Reading frame: 1468
Reading frame: 1469
  0%|          | 0/1470 [00:00<?, ?it/s]  1%|          | 12/1470 [00:00<00:12, 113.77it/s]  2%|â–         | 27/1470 [00:00<00:11, 129.95it/s]  3%|â–Ž         | 42/1470 [00:00<00:10, 134.91it/s]  4%|â–         | 57/1470 [00:00<00:10, 137.16it/s]  5%|â–         | 72/1470 [00:00<00:10, 138.46it/s]  6%|â–Œ         | 86/1470 [00:00<00:09, 138.71it/s]  7%|â–‹         | 100/1470 [00:00<00:09, 138.72it/s]  8%|â–Š         | 114/1470 [00:00<00:09, 138.47it/s]  9%|â–Š         | 128/1470 [00:00<00:09, 138.30it/s] 10%|â–‰         | 142/1470 [00:01<00:09, 137.92it/s] 11%|â–ˆ         | 156/1470 [00:01<00:09, 137.50it/s] 12%|â–ˆâ–        | 170/1470 [00:01<00:09, 137.22it/s] 13%|â–ˆâ–Ž        | 184/1470 [00:01<00:09, 136.76it/s] 13%|â–ˆâ–Ž        | 198/1470 [00:01<00:09, 136.43it/s] 14%|â–ˆâ–        | 212/1470 [00:01<00:09, 135.98it/s] 15%|â–ˆâ–Œ        | 226/1470 [00:01<00:09, 135.95it/s] 16%|â–ˆâ–‹        | 240/1470 [00:01<00:09, 135.61it/s] 17%|â–ˆâ–‹        | 254/1470 [00:01<00:08, 135.80it/s] 18%|â–ˆâ–Š        | 269/1470 [00:01<00:08, 137.73it/s] 19%|â–ˆâ–‰        | 284/1470 [00:02<00:08, 139.03it/s] 20%|â–ˆâ–ˆ        | 299/1470 [00:02<00:08, 139.85it/s] 21%|â–ˆâ–ˆâ–       | 314/1470 [00:02<00:08, 140.30it/s] 22%|â–ˆâ–ˆâ–       | 329/1470 [00:02<00:08, 140.51it/s] 23%|â–ˆâ–ˆâ–Ž       | 344/1470 [00:02<00:07, 140.86it/s] 24%|â–ˆâ–ˆâ–       | 359/1470 [00:02<00:07, 141.12it/s] 25%|â–ˆâ–ˆâ–Œ       | 374/1470 [00:02<00:07, 141.78it/s] 26%|â–ˆâ–ˆâ–‹       | 389/1470 [00:02<00:07, 142.68it/s] 27%|â–ˆâ–ˆâ–‹       | 404/1470 [00:02<00:07, 143.31it/s] 29%|â–ˆâ–ˆâ–Š       | 419/1470 [00:03<00:07, 143.79it/s] 30%|â–ˆâ–ˆâ–‰       | 434/1470 [00:03<00:07, 144.25it/s] 31%|â–ˆâ–ˆâ–ˆ       | 449/1470 [00:03<00:07, 144.44it/s] 32%|â–ˆâ–ˆâ–ˆâ–      | 464/1470 [00:03<00:06, 144.49it/s] 33%|â–ˆâ–ˆâ–ˆâ–Ž      | 479/1470 [00:03<00:06, 144.65it/s] 34%|â–ˆâ–ˆâ–ˆâ–Ž      | 494/1470 [00:03<00:06, 144.82it/s] 35%|â–ˆâ–ˆâ–ˆâ–      | 509/1470 [00:03<00:06, 144.70it/s] 36%|â–ˆâ–ˆâ–ˆâ–Œ      | 524/1470 [00:03<00:06, 144.66it/s] 37%|â–ˆâ–ˆâ–ˆâ–‹      | 539/1470 [00:03<00:06, 144.34it/s] 38%|â–ˆâ–ˆâ–ˆâ–Š      | 554/1470 [00:03<00:06, 143.98it/s] 39%|â–ˆâ–ˆâ–ˆâ–Š      | 569/1470 [00:04<00:06, 144.44it/s] 40%|â–ˆâ–ˆâ–ˆâ–‰      | 584/1470 [00:04<00:06, 144.29it/s] 41%|â–ˆâ–ˆâ–ˆâ–ˆ      | 599/1470 [00:04<00:06, 144.03it/s] 42%|â–ˆâ–ˆâ–ˆâ–ˆâ–     | 614/1470 [00:04<00:05, 144.08it/s] 43%|â–ˆâ–ˆâ–ˆâ–ˆâ–Ž     | 629/1470 [00:04<00:05, 144.00it/s] 44%|â–ˆâ–ˆâ–ˆâ–ˆâ–     | 644/1470 [00:04<00:05, 143.99it/s] 45%|â–ˆâ–ˆâ–ˆâ–ˆâ–     | 659/1470 [00:04<00:05, 144.72it/s] 46%|â–ˆâ–ˆâ–ˆâ–ˆâ–Œ     | 674/1470 [00:04<00:05, 144.50it/s] 47%|â–ˆâ–ˆâ–ˆâ–ˆâ–‹     | 689/1470 [00:04<00:05, 144.41it/s] 48%|â–ˆâ–ˆâ–ˆâ–ˆâ–Š     | 704/1470 [00:04<00:05, 144.03it/s] 49%|â–ˆâ–ˆâ–ˆâ–ˆâ–‰     | 719/1470 [00:05<00:05, 143.76it/s] 50%|â–ˆâ–ˆâ–ˆâ–ˆâ–‰     | 734/1470 [00:05<00:05, 143.41it/s] 51%|â–ˆâ–ˆâ–ˆâ–ˆâ–ˆ     | 749/1470 [00:05<00:05, 143.00it/s] 52%|â–ˆâ–ˆâ–ˆâ–ˆâ–ˆâ–    | 764/1470 [00:05<00:04, 143.20it/s] 53%|â–ˆâ–ˆâ–ˆâ–ˆâ–ˆâ–Ž    | 779/1470 [00:05<00:04, 143.69it/s] 54%|â–ˆâ–ˆâ–ˆâ–ˆâ–ˆâ–    | 794/1470 [00:05<00:04, 144.08it/s] 55%|â–ˆâ–ˆâ–ˆâ–ˆâ–ˆâ–Œ    | 809/1470 [00:05<00:04, 144.22it/s] 56%|â–ˆâ–ˆâ–ˆâ–ˆâ–ˆâ–Œ    | 824/1470 [00:05<00:04, 144.28it/s] 57%|â–ˆâ–ˆâ–ˆâ–ˆâ–ˆâ–‹    | 839/1470 [00:05<00:04, 143.91it/s] 58%|â–ˆâ–ˆâ–ˆâ–ˆâ–ˆâ–Š    | 854/1470 [00:06<00:04, 143.66it/s] 59%|â–ˆâ–ˆâ–ˆâ–ˆâ–ˆâ–‰    | 869/1470 [00:06<00:04, 143.40it/s] 60%|â–ˆâ–ˆâ–ˆâ–ˆâ–ˆâ–ˆ    | 884/1470 [00:06<00:04, 143.27it/s] 61%|â–ˆâ–ˆâ–ˆâ–ˆâ–ˆâ–ˆ    | 899/1470 [00:06<00:03, 143.29it/s] 62%|â–ˆâ–ˆâ–ˆâ–ˆâ–ˆâ–ˆâ–   | 914/1470 [00:06<00:03, 143.44it/s] 63%|â–ˆâ–ˆâ–ˆâ–ˆâ–ˆâ–ˆâ–Ž   | 929/1470 [00:06<00:03, 143.80it/s] 64%|â–ˆâ–ˆâ–ˆâ–ˆâ–ˆâ–ˆâ–   | 944/1470 [00:06<00:03, 143.89it/s] 65%|â–ˆâ–ˆâ–ˆâ–ˆâ–ˆâ–ˆâ–Œ   | 959/1470 [00:06<00:03, 143.66it/s] 66%|â–ˆâ–ˆâ–ˆâ–ˆâ–ˆâ–ˆâ–‹   | 974/1470 [00:06<00:03, 143.73it/s] 67%|â–ˆâ–ˆâ–ˆâ–ˆâ–ˆâ–ˆâ–‹   | 989/1470 [00:06<00:03, 144.18it/s] 67%|â–ˆâ–ˆâ–ˆâ–ˆâ–ˆâ–ˆâ–‹   | 989/1470 [00:19<00:03, 144.18it/s] 68%|â–ˆâ–ˆâ–ˆâ–ˆâ–ˆâ–ˆâ–Š   | 1001/1470 [00:22<02:40,  2.92it/s] 69%|â–ˆâ–ˆâ–ˆâ–ˆâ–ˆâ–ˆâ–‰   | 1016/1470 [00:22<01:47,  4.21it/s] 70%|â–ˆâ–ˆâ–ˆâ–ˆâ–ˆâ–ˆâ–ˆ   | 1031/1470 [00:23<01:12,  6.02it/s] 71%|â–ˆâ–ˆâ–ˆâ–ˆâ–ˆâ–ˆâ–ˆ   | 1046/1470 [00:23<00:49,  8.52it/s] 72%|â–ˆâ–ˆâ–ˆâ–ˆâ–ˆâ–ˆâ–ˆâ–  | 1062/1470 [00:23<00:33, 12.18it/s] 73%|â–ˆâ–ˆâ–ˆâ–ˆâ–ˆâ–ˆâ–ˆâ–Ž  | 1077/1470 [00:23<00:23, 16.78it/s] 74%|â–ˆâ–ˆâ–ˆâ–ˆâ–ˆâ–ˆâ–ˆâ–  | 1092/1470 [00:23<00:16, 22.82it/s] 75%|â–ˆâ–ˆâ–ˆâ–ˆâ–ˆâ–ˆâ–ˆâ–Œ  | 1107/1470 [00:23<00:11, 30.53it/s] 76%|â–ˆâ–ˆâ–ˆâ–ˆâ–ˆâ–ˆâ–ˆâ–‹  | 1122/1470 [00:23<00:08, 40.01it/s] 77%|â–ˆâ–ˆâ–ˆâ–ˆâ–ˆâ–ˆâ–ˆâ–‹  | 1137/1470 [00:23<00:06, 51.13it/s] 78%|â–ˆâ–ˆâ–ˆâ–ˆâ–ˆâ–ˆâ–ˆâ–Š  | 1152/1470 [00:23<00:05, 63.48it/s] 79%|â–ˆâ–ˆâ–ˆâ–ˆâ–ˆâ–ˆâ–ˆâ–‰  | 1167/1470 [00:23<00:03, 76.47it/s] 80%|â–ˆâ–ˆâ–ˆâ–ˆâ–ˆâ–ˆâ–ˆâ–ˆ  | 1182/1470 [00:24<00:03, 89.36it/s] 81%|â–ˆâ–ˆâ–ˆâ–ˆâ–ˆâ–ˆâ–ˆâ–ˆâ– | 1197/1470 [00:24<00:02, 101.19it/s] 82%|â–ˆâ–ˆâ–ˆâ–ˆâ–ˆâ–ˆâ–ˆâ–ˆâ– | 1212/1470 [00:24<00:02, 111.84it/s] 83%|â–ˆâ–ˆâ–ˆâ–ˆâ–ˆâ–ˆâ–ˆâ–ˆâ–Ž | 1227/1470 [00:24<00:02, 120.50it/s] 84%|â–ˆâ–ˆâ–ˆâ–ˆâ–ˆâ–ˆâ–ˆâ–ˆâ– | 1242/1470 [00:24<00:01, 127.38it/s] 86%|â–ˆâ–ˆâ–ˆâ–ˆâ–ˆâ–ˆâ–ˆâ–ˆâ–Œ | 1257/1470 [00:24<00:01, 132.60it/s] 87%|â–ˆâ–ˆâ–ˆâ–ˆâ–ˆâ–ˆâ–ˆâ–ˆâ–‹ | 1272/1470 [00:24<00:01, 137.03it/s] 88%|â–ˆâ–ˆâ–ˆâ–ˆâ–ˆâ–ˆâ–ˆâ–ˆâ–Š | 1287/1470 [00:24<00:01, 140.44it/s] 89%|â–ˆâ–ˆâ–ˆâ–ˆâ–ˆâ–ˆâ–ˆâ–ˆâ–Š | 1302/1470 [00:24<00:01, 142.82it/s] 90%|â–ˆâ–ˆâ–ˆâ–ˆâ–ˆâ–ˆâ–ˆâ–ˆâ–‰ | 1317/1470 [00:24<00:01, 144.39it/s] 91%|â–ˆâ–ˆâ–ˆâ–ˆâ–ˆâ–ˆâ–ˆâ–ˆâ–ˆ | 1332/1470 [00:25<00:00, 145.49it/s] 92%|â–ˆâ–ˆâ–ˆâ–ˆâ–ˆâ–ˆâ–ˆâ–ˆâ–ˆâ–| 1347/1470 [00:25<00:00, 141.96it/s] 93%|â–ˆâ–ˆâ–ˆâ–ˆâ–ˆâ–ˆâ–ˆâ–ˆâ–ˆâ–Ž| 1362/1470 [00:25<00:00, 143.94it/s] 94%|â–ˆâ–ˆâ–ˆâ–ˆâ–ˆâ–ˆâ–ˆâ–ˆâ–ˆâ–Ž| 1378/1470 [00:25<00:00, 146.98it/s] 95%|â–ˆâ–ˆâ–ˆâ–ˆâ–ˆâ–ˆâ–ˆâ–ˆâ–ˆâ–| 1394/1470 [00:25<00:00, 148.00it/s] 96%|â–ˆâ–ˆâ–ˆâ–ˆâ–ˆâ–ˆâ–ˆâ–ˆâ–ˆâ–Œ| 1410/1470 [00:25<00:00, 148.69it/s] 97%|â–ˆâ–ˆâ–ˆâ–ˆâ–ˆâ–ˆâ–ˆâ–ˆâ–ˆâ–‹| 1425/1470 [00:25<00:00, 148.79it/s] 98%|â–ˆâ–ˆâ–ˆâ–ˆâ–ˆâ–ˆâ–ˆâ–ˆâ–ˆâ–Š| 1441/1470 [00:25<00:00, 149.28it/s] 99%|â–ˆâ–ˆâ–ˆâ–ˆâ–ˆâ–ˆâ–ˆâ–ˆâ–ˆâ–‰| 1457/1470 [00:25<00:00, 150.52it/s]100%|â–ˆâ–ˆâ–ˆâ–ˆâ–ˆâ–ˆâ–ˆâ–ˆâ–ˆâ–‰| 1468/1470 [00:26<00:00, 56.46it/s] 
---------- Done ----------
