YOLOR 🚀 v0.1-115-g072f76c torch 1.12.1+cu113 CUDA:0 (NVIDIA GeForce RTX 3090, 24268.3125MB)

Downloading: "https://github.com/WongKinYiu/yolov7/zipball/main" to /home/htluc/.cache/torch/hub/main.zip

                 from  n    params  module                                  arguments                     
  0                -1  1       928  models.common.Conv                      [3, 32, 3, 1]                 
  1                -1  1     18560  models.common.Conv                      [32, 64, 3, 2]                
  2                -1  1     36992  models.common.Conv                      [64, 64, 3, 1]                
  3                -1  1     73984  models.common.Conv                      [64, 128, 3, 2]               
  4                -1  1      8320  models.common.Conv                      [128, 64, 1, 1]               
  5                -2  1      8320  models.common.Conv                      [128, 64, 1, 1]               
  6                -1  1     36992  models.common.Conv                      [64, 64, 3, 1]                
  7                -1  1     36992  models.common.Conv                      [64, 64, 3, 1]                
  8                -1  1     36992  models.common.Conv                      [64, 64, 3, 1]                
  9                -1  1     36992  models.common.Conv                      [64, 64, 3, 1]                
 10  [-1, -3, -5, -6]  1         0  models.common.Concat                    [1]                           
 11                -1  1     66048  models.common.Conv                      [256, 256, 1, 1]              
 12                -1  1         0  models.common.MP                        []                            
 13                -1  1     33024  models.common.Conv                      [256, 128, 1, 1]              
 14                -3  1     33024  models.common.Conv                      [256, 128, 1, 1]              
 15                -1  1    147712  models.common.Conv                      [128, 128, 3, 2]              
 16          [-1, -3]  1         0  models.common.Concat                    [1]                           
 17                -1  1     33024  models.common.Conv                      [256, 128, 1, 1]              
 18                -2  1     33024  models.common.Conv                      [256, 128, 1, 1]              
 19                -1  1    147712  models.common.Conv                      [128, 128, 3, 1]              
 20                -1  1    147712  models.common.Conv                      [128, 128, 3, 1]              
 21                -1  1    147712  models.common.Conv                      [128, 128, 3, 1]              
 22                -1  1    147712  models.common.Conv                      [128, 128, 3, 1]              
 23  [-1, -3, -5, -6]  1         0  models.common.Concat                    [1]                           
 24                -1  1    263168  models.common.Conv                      [512, 512, 1, 1]              
 25                -1  1         0  models.common.MP                        []                            
 26                -1  1    131584  models.common.Conv                      [512, 256, 1, 1]              
 27                -3  1    131584  models.common.Conv                      [512, 256, 1, 1]              
 28                -1  1    590336  models.common.Conv                      [256, 256, 3, 2]              
 29          [-1, -3]  1         0  models.common.Concat                    [1]                           
 30                -1  1    131584  models.common.Conv                      [512, 256, 1, 1]              
 31                -2  1    131584  models.common.Conv                      [512, 256, 1, 1]              
 32                -1  1    590336  models.common.Conv                      [256, 256, 3, 1]              
 33                -1  1    590336  models.common.Conv                      [256, 256, 3, 1]              
 34                -1  1    590336  models.common.Conv                      [256, 256, 3, 1]              
 35                -1  1    590336  models.common.Conv                      [256, 256, 3, 1]              
 36  [-1, -3, -5, -6]  1         0  models.common.Concat                    [1]                           
 37                -1  1   1050624  models.common.Conv                      [1024, 1024, 1, 1]            
 38                -1  1         0  models.common.MP                        []                            
 39                -1  1    525312  models.common.Conv                      [1024, 512, 1, 1]             
 40                -3  1    525312  models.common.Conv                      [1024, 512, 1, 1]             
 41                -1  1   2360320  models.common.Conv                      [512, 512, 3, 2]              
 42          [-1, -3]  1         0  models.common.Concat                    [1]                           
 43                -1  1    262656  models.common.Conv                      [1024, 256, 1, 1]             
 44                -2  1    262656  models.common.Conv                      [1024, 256, 1, 1]             
 45                -1  1    590336  models.common.Conv                      [256, 256, 3, 1]              
 46                -1  1    590336  models.common.Conv                      [256, 256, 3, 1]              
 47                -1  1    590336  models.common.Conv                      [256, 256, 3, 1]              
 48                -1  1    590336  models.common.Conv                      [256, 256, 3, 1]              
 49  [-1, -3, -5, -6]  1         0  models.common.Concat                    [1]                           
 50                -1  1   1050624  models.common.Conv                      [1024, 1024, 1, 1]            
 51                -1  1   7609344  models.common.SPPCSPC                   [1024, 512, 1]                
 52                -1  1    131584  models.common.Conv                      [512, 256, 1, 1]              
 53                -1  1         0  torch.nn.modules.upsampling.Upsample    [None, 2, 'nearest']          
 54                37  1    262656  models.common.Conv                      [1024, 256, 1, 1]             
 55          [-1, -2]  1         0  models.common.Concat                    [1]                           
 56                -1  1    131584  models.common.Conv                      [512, 256, 1, 1]              
 57                -2  1    131584  models.common.Conv                      [512, 256, 1, 1]              
 58                -1  1    295168  models.common.Conv                      [256, 128, 3, 1]              
 59                -1  1    147712  models.common.Conv                      [128, 128, 3, 1]              
 60                -1  1    147712  models.common.Conv                      [128, 128, 3, 1]              
 61                -1  1    147712  models.common.Conv                      [128, 128, 3, 1]              
 62[-1, -2, -3, -4, -5, -6]  1         0  models.common.Concat                    [1]                           
 63                -1  1    262656  models.common.Conv                      [1024, 256, 1, 1]             
 64                -1  1     33024  models.common.Conv                      [256, 128, 1, 1]              
 65                -1  1         0  torch.nn.modules.upsampling.Upsample    [None, 2, 'nearest']          
 66                24  1     65792  models.common.Conv                      [512, 128, 1, 1]              
 67          [-1, -2]  1         0  models.common.Concat                    [1]                           
 68                -1  1     33024  models.common.Conv                      [256, 128, 1, 1]              
 69                -2  1     33024  models.common.Conv                      [256, 128, 1, 1]              
 70                -1  1     73856  models.common.Conv                      [128, 64, 3, 1]               
 71                -1  1     36992  models.common.Conv                      [64, 64, 3, 1]                
 72                -1  1     36992  models.common.Conv                      [64, 64, 3, 1]                
 73                -1  1     36992  models.common.Conv                      [64, 64, 3, 1]                
 74[-1, -2, -3, -4, -5, -6]  1         0  models.common.Concat                    [1]                           
 75                -1  1     65792  models.common.Conv                      [512, 128, 1, 1]              
 76                -1  1         0  models.common.MP                        []                            
 77                -1  1     16640  models.common.Conv                      [128, 128, 1, 1]              
 78                -3  1     16640  models.common.Conv                      [128, 128, 1, 1]              
 79                -1  1    147712  models.common.Conv                      [128, 128, 3, 2]              
 80      [-1, -3, 63]  1         0  models.common.Concat                    [1]                           
 81                -1  1    131584  models.common.Conv                      [512, 256, 1, 1]              
 82                -2  1    131584  models.common.Conv                      [512, 256, 1, 1]              
 83                -1  1    295168  models.common.Conv                      [256, 128, 3, 1]              
 84                -1  1    147712  models.common.Conv                      [128, 128, 3, 1]              
 85                -1  1    147712  models.common.Conv                      [128, 128, 3, 1]              
 86                -1  1    147712  models.common.Conv                      [128, 128, 3, 1]              
 87[-1, -2, -3, -4, -5, -6]  1         0  models.common.Concat                    [1]                           
 88                -1  1    262656  models.common.Conv                      [1024, 256, 1, 1]             
 89                -1  1         0  models.common.MP                        []                            
 90                -1  1     66048  models.common.Conv                      [256, 256, 1, 1]              
 91                -3  1     66048  models.common.Conv                      [256, 256, 1, 1]              
 92                -1  1    590336  models.common.Conv                      [256, 256, 3, 2]              
 93      [-1, -3, 51]  1         0  models.common.Concat                    [1]                           
 94                -1  1    525312  models.common.Conv                      [1024, 512, 1, 1]             
 95                -2  1    525312  models.common.Conv                      [1024, 512, 1, 1]             
 96                -1  1   1180160  models.common.Conv                      [512, 256, 3, 1]              
 97                -1  1    590336  models.common.Conv                      [256, 256, 3, 1]              
 98                -1  1    590336  models.common.Conv                      [256, 256, 3, 1]              
 99                -1  1    590336  models.common.Conv                      [256, 256, 3, 1]              
100[-1, -2, -3, -4, -5, -6]  1         0  models.common.Concat                    [1]                           
101                -1  1   1049600  models.common.Conv                      [2048, 512, 1, 1]             
102                75  1    328704  models.common.RepConv                   [128, 256, 3, 1]              
103                88  1   1312768  models.common.RepConv                   [256, 512, 3, 1]              
104               101  1   5246976  models.common.RepConv                   [512, 1024, 3, 1]             
105   [102, 103, 104]  1     44944  models.yolo.IDetect                     [3, [[12, 16, 19, 36, 40, 28], [36, 75, 76, 55, 72, 146], [142, 110, 192, 243, 459, 401]], [256, 512, 1024]]
/home/htluc/miniconda3/envs/medico/lib/python3.8/site-packages/torch/functional.py:478: UserWarning: torch.meshgrid: in an upcoming release, it will be required to pass the indexing argument. (Triggered internally at  ../aten/src/ATen/native/TensorShape.cpp:2894.)
  return _VF.meshgrid(tensors, **kwargs)  # type: ignore[attr-defined]
Model Summary: 415 layers, 37207344 parameters, 37207344 gradients, 105.1 GFLOPS

YOLOR 🚀 v0.1-115-g072f76c torch 1.12.1+cu113 CUDA:0 (NVIDIA GeForce RTX 3090, 24268.3125MB)

Namespace(agnostic_nms=False, augment=False, classes=None, conf_thres=0.25, device='', exist_ok=True, img_size=640, iou_thres=0.45, name='exp', no_trace=True, nosave=False, project='/home/htluc/mediaeval2022_medico/MediaEval2022_Medico/Task_1/source_code/submission_code/predictions/', save_conf=False, save_txt=True, source='/home/htluc/datasets/VISEM_Tracking_Train_v4/Val/11/11.mp4', update=False, view_img=False, weights=['/home/htluc/mediaeval2022_medico/MediaEval2022_Medico/Task_1/source_code/submission_code/models/yolov7.pt'])
Adding autoShape... 
video 1/1 (1/1470) /home/htluc/datasets/VISEM_Tracking_Train_v4/Val/11/11.mp4: Traceback (most recent call last):
  File "/home/htluc/mediaeval2022_medico/MediaEval2022_Medico/Task_1/source_code/submission_code/code/yolov7/detect.py", line 208, in <module>
    detect()
  File "/home/htluc/mediaeval2022_medico/MediaEval2022_Medico/Task_1/source_code/submission_code/code/yolov7/detect.py", line 131, in detect
    txt_result = torch.cat((txt_result, line))
TypeError: expected Tensor as element 0 in argument 0, but got tuple
